Log file open, 06/10/17 10:24:47
LogInit:Display: Running engine for game: ProjectArkham
LogPlatformFile: Not using cached read wrapper
LogInit:Display: RandInit(-560653994) SRandInit(-560653994).
LogTaskGraph: Started task graph with 5 named threads and 8 total threads with 1 sets of task threads.
LogStats: Stats thread started at 0.086122
LogInit: Using libcurl 7.47.1
LogInit:  - built for x86_64-pc-win32
LogInit:  - supports SSL with OpenSSL/1.0.2g
LogInit:  - supports HTTP deflate (compression) using libz 1.2.8
LogInit:  - other features:
LogInit:      CURL_VERSION_SSL
LogInit:      CURL_VERSION_LIBZ
LogInit:      CURL_VERSION_IPV6
LogInit:      CURL_VERSION_ASYNCHDNS
LogInit:      CURL_VERSION_LARGEFILE
LogInit:      CURL_VERSION_IDN
LogInit:  CurlRequestOptions (configurable via config and command line):
LogInit:  - bVerifyPeer = false  - Libcurl will NOT verify peer certificate
LogInit:  - bUseHttpProxy = false  - Libcurl will NOT use HTTP proxy
LogInit:  - bDontReuseConnections = false  - Libcurl will reuse connections
LogInit:  - CertBundlePath = nullptr  - Libcurl will use whatever was configured at build time.
LogInit: Build: ++UE4+Release-4.15-CL-3450819
LogInit: Engine Version: 4.15.3-3450819+++UE4+Release-4.15
LogInit: Compatible Engine Version: 4.15.0-3299760+++UE4+Release-4.15
LogInit: Net CL: 3299760
LogDevObjectVersion: Number of dev versions registered: 14
LogDevObjectVersion:   Dev-Blueprints (B0D832E4-1F89-4F0D-ACCF-7EB736FD4AA2): 8
LogDevObjectVersion:   Dev-Build (E1C64328-A22C-4D53-A36C-8E866417BD8C): 0
LogDevObjectVersion:   Dev-Core (375EC13C-06E4-48FB-B500-84F0262A717E): 2
LogDevObjectVersion:   Dev-Editor (E4B068ED-F494-42E9-A231-DA0B2E46BB41): 14
LogDevObjectVersion:   Dev-Framework (CFFC743F-43B0-4480-9391-14DF171D2073): 22
LogDevObjectVersion:   Dev-Mobile (B02B49B5-BB20-44E9-A304-32B752E40360): 0
LogDevObjectVersion:   Dev-Networking (A4E4105C-59A1-49B5-A7C5-40C4547EDFEE): 0
LogDevObjectVersion:   Dev-Online (39C831C9-5AE6-47DC-9A44-9C173E1C8E7C): 0
LogDevObjectVersion:   Dev-Physics (78F01B33-EBEA-4F98-B9B4-84EACCB95AA2): 0
LogDevObjectVersion:   Dev-Platform (6631380F-2D4D-43E0-8009-CF276956A95A): 0
LogDevObjectVersion:   Dev-Rendering (12F88B9F-8875-4AFC-A67C-D90C383ABD29): 12
LogDevObjectVersion:   Dev-Sequencer (7B5AE74C-D270-4C10-A958-57980B212A5A): 3
LogDevObjectVersion:   Dev-VR (D7296918-1DD6-4BDD-9DE2-64A83CC13884): 0
LogDevObjectVersion:   Dev-LoadTimes (C2A15278-BFE7-4AFE-6C17-90FF531DF755): 1
LogInit: Compiled (64-bit): May 21 2017 11:02:34
LogInit: Compiled with Visual C++: 19.00.23026.00
LogInit: Build Configuration: Development
LogInit: Branch Name: ++UE4+Release-4.15
LogInit: Command line:  
LogInit: Base directory: C:/Program Files/Epic Games/UE_4.15/Engine/Binaries/Win64/
LogInit: Installed Engine Build: 1
LogInit: Presizing for max 8388607 objects, including 0 objects not considered by GC, pre-allocating 0 bytes for permanent pool.
LogInit: Object subsystem initialized
[2017.06.10-08.24.48:236][  0]LogInit: Selected Device Profile: [Windows]
[2017.06.10-08.24.48:236][  0]LogInit: Applying CVar settings loaded from the selected device profile: [Windows]
[2017.06.10-08.24.48:247][  0]LogInit: Computer: DESKTOP-K7JL0B7
[2017.06.10-08.24.48:247][  0]LogInit: User: pslin
[2017.06.10-08.24.48:247][  0]LogInit: CPU Page size=65536, Cores=4
[2017.06.10-08.24.48:247][  0]LogInit: High frequency timer resolution =3.320337 MHz
[2017.06.10-08.24.48:248][  0]LogMemory: Memory total: Physical=16.0GB (16GB approx)
[2017.06.10-08.24.48:248][  0]LogMemory: Platform Memory Stats for Windows
[2017.06.10-08.24.48:248][  0]LogMemory: Process Physical Memory: 262.96 MB used, 262.96 MB peak
[2017.06.10-08.24.48:248][  0]LogMemory: Process Virtual Memory: 262.50 MB used, 262.50 MB peak
[2017.06.10-08.24.48:248][  0]LogMemory: Physical Memory: 5588.23 MB used,  10753.41 MB free, 16341.65 MB total
[2017.06.10-08.24.48:248][  0]LogMemory: Virtual Memory: 644.39 MB used,  10753.41 MB free, 134217728.00 MB total
[2017.06.10-08.24.48:345][  0]LogTextLocalizationManager: No specific translations for ('en-GB') exist, so ('en') translations will be used.
[2017.06.10-08.24.48:967][  0]LogD3D11RHI: D3D11 adapters:
[2017.06.10-08.24.49:494][  0]LogD3D11RHI:    0. 'NVIDIA GeForce GTX 1060 6GB' (Feature Level 11_0)
[2017.06.10-08.24.49:494][  0]LogD3D11RHI:       6084/0/8170 MB DedicatedVideo/DedicatedSystem/SharedSystem, Outputs:1, VendorId:0x10de
[2017.06.10-08.24.49:496][  0]LogD3D11RHI:    1. 'Microsoft Basic Render Driver' (Feature Level 11_0)
[2017.06.10-08.24.49:496][  0]LogD3D11RHI:       0/0/8170 MB DedicatedVideo/DedicatedSystem/SharedSystem, Outputs:0, VendorId:0x1414
[2017.06.10-08.24.49:496][  0]LogD3D11RHI: Chosen D3D11 Adapter: 0
[2017.06.10-08.24.49:500][  0]LogD3D11RHI: Creating new Direct3DDevice
[2017.06.10-08.24.49:500][  0]LogD3D11RHI:     GPU DeviceId: 0x1c03 (for the marketing name, search the web for "GPU Device Id")
[2017.06.10-08.24.49:500][  0]LogWindows: EnumDisplayDevices:
[2017.06.10-08.24.49:501][  0]LogWindows:    0. 'NVIDIA GeForce GTX 1060 6GB' (P:1 D:1)
[2017.06.10-08.24.49:501][  0]LogWindows:    1. 'NVIDIA GeForce GTX 1060 6GB' (P:0 D:0)
[2017.06.10-08.24.49:501][  0]LogWindows:    2. 'NVIDIA GeForce GTX 1060 6GB' (P:0 D:0)
[2017.06.10-08.24.49:501][  0]LogWindows:    3. 'NVIDIA GeForce GTX 1060 6GB' (P:0 D:0)
[2017.06.10-08.24.49:501][  0]LogWindows: DebugString: FoundDriverCount:4 
[2017.06.10-08.24.49:501][  0]LogD3D11RHI:     Adapter Name: NVIDIA GeForce GTX 1060 6GB
[2017.06.10-08.24.49:501][  0]LogD3D11RHI:   Driver Version: 381.65 (internal:22.21.13.8165, unified:381.65)
[2017.06.10-08.24.49:501][  0]LogD3D11RHI:      Driver Date: 3-31-2017
[2017.06.10-08.24.49:501][  0]LogRHI: Texture pool is 1361 MB (70% of 1945 MB)
[2017.06.10-08.24.49:991][  0]LogD3D11RHI: Async texture creation enabled
[2017.06.10-08.24.50:032][  0]LogD3D11RHI: GPU Timing Frequency: 1000.000000 (Debug: 2 1)
[2017.06.10-08.24.50:080][  0]LogShaderCompilers: Guid format shader working directory is -2 characters bigger than the processId version (D:/UE4 Projects/GIT/ProjectArkham/ProjectArkham/Intermediate/Shaders/WorkingDirectory/15616/).
[2017.06.10-08.24.50:081][  0]LogShaderCompilers: Cleaned the shader compiler working directory 'C:/Users/pslin/AppData/Local/Temp/UnrealShaderWorkingDir/DEB7DB0C4B1A64BAD9B8858A41AE4105/'.
[2017.06.10-08.24.50:081][  0]LogShaderCompilers:Display: Using Local Shader Compiler.
[2017.06.10-08.24.51:189][  0]LogTemp:Display: Loaded TP AllDesktopTargetPlatform
[2017.06.10-08.24.51:254][  0]LogTemp:Display: Loaded TP MacClientTargetPlatform
[2017.06.10-08.24.51:321][  0]LogTemp:Display: Loaded TP MacNoEditorTargetPlatform
[2017.06.10-08.24.51:385][  0]LogTemp:Display: Loaded TP MacServerTargetPlatform
[2017.06.10-08.24.51:450][  0]LogTemp:Display: Loaded TP MacTargetPlatform
[2017.06.10-08.24.51:515][  0]LogTemp:Display: Loaded TP WindowsClientTargetPlatform
[2017.06.10-08.24.51:581][  0]LogTemp:Display: Loaded TP WindowsNoEditorTargetPlatform
[2017.06.10-08.24.51:646][  0]LogTemp:Display: Loaded TP WindowsServerTargetPlatform
[2017.06.10-08.24.51:699][  0]LogTemp:Display: Loaded TP WindowsTargetPlatform
[2017.06.10-08.24.51:762][  0]LogTemp:Display: Loaded TP AndroidTargetPlatform
[2017.06.10-08.24.51:828][  0]LogTemp:Display: Loaded TP Android_ASTCTargetPlatform
[2017.06.10-08.24.51:892][  0]LogTemp:Display: Loaded TP Android_ATCTargetPlatform
[2017.06.10-08.24.51:956][  0]LogTemp:Display: Loaded TP Android_DXTTargetPlatform
[2017.06.10-08.24.52:019][  0]LogTemp:Display: Loaded TP Android_ETC1TargetPlatform
[2017.06.10-08.24.52:083][  0]LogTemp:Display: Loaded TP Android_ETC2TargetPlatform
[2017.06.10-08.24.52:209][  0]LogTemp:Display: Loaded TP Android_MultiTargetPlatform
[2017.06.10-08.24.52:209][  0]LogTemp:Display: Loaded TP Android_PVRTCTargetPlatform
[2017.06.10-08.24.52:254][  0]LogTemp:Display: Loaded TP HTML5TargetPlatform
[2017.06.10-08.24.52:365][  0]LogTemp:Display: Loaded TP IOSTargetPlatform
[2017.06.10-08.24.52:406][  0]LogTemp:Display: Loaded TP TVOSTargetPlatform
[2017.06.10-08.24.52:471][  0]LogTemp:Display: Loaded TP LinuxClientTargetPlatform
[2017.06.10-08.24.52:535][  0]LogTemp:Display: Loaded TP LinuxNoEditorTargetPlatform
[2017.06.10-08.24.52:599][  0]LogTemp:Display: Loaded TP LinuxServerTargetPlatform
[2017.06.10-08.24.52:664][  0]LogTemp:Display: Loaded TP LinuxTargetPlatform
[2017.06.10-08.24.52:664][  0]LogTargetPlatformManager:Display: Building Assets For Windows
[2017.06.10-08.24.53:199][  0]LogDerivedDataCache:Display: Max Cache Size: 512 MB
[2017.06.10-08.24.53:247][  0]LogDerivedDataCache: Loaded boot cache 0.05s 51MB C:/Users/pslin/AppData/Local/UnrealEngine/4.15/DerivedDataCache/Boot.ddc.
[2017.06.10-08.24.53:247][  0]LogDerivedDataCache:Display: Loaded Boot cache: C:/Users/pslin/AppData/Local/UnrealEngine/4.15/DerivedDataCache/Boot.ddc
[2017.06.10-08.24.53:247][  0]LogDerivedDataCache: FDerivedDataBackendGraph:  Pak pak cache file D:/UE4 Projects/GIT/ProjectArkham/ProjectArkham/DerivedDataCache/DDC.ddp not found, will not use a pak cache.
[2017.06.10-08.24.53:247][  0]LogDerivedDataCache: Unable to find inner node Pak for hierarchical cache Hierarchy.
[2017.06.10-08.24.53:247][  0]LogDerivedDataCache: FDerivedDataBackendGraph:  CompressedPak pak cache file D:/UE4 Projects/GIT/ProjectArkham/ProjectArkham/DerivedDataCache/Compressed.ddp not found, will not use a pak cache.
[2017.06.10-08.24.53:247][  0]LogDerivedDataCache: Unable to find inner node CompressedPak for hierarchical cache Hierarchy.
[2017.06.10-08.24.53:265][  0]LogDerivedDataCache:Display: Pak cache opened for reading ../../../Engine/DerivedDataCache/Compressed.ddp.
[2017.06.10-08.24.53:277][  0]LogDerivedDataCache: Using Local data cache path C:/Users/pslin/AppData/Local/UnrealEngine/Common/DerivedDataCache: Writable
[2017.06.10-08.24.53:287][  0]LogSlate: Using Freetype 2.6.0
[2017.06.10-08.24.53:287][  0]LogSlate: SlateFontCache - WITH_FREETYPE: 1, WITH_HARFBUZZ: 1
[2017.06.10-08.24.53:287][  0]LogSlate: SlateFontCache - WITH_FREETYPE: 1, WITH_HARFBUZZ: 1
[2017.06.10-08.24.53:583][  0]LogInit: Selected Device Profile: [Windows]
[2017.06.10-08.24.53:586][  0]LogContentStreaming: Texture pool size is 0.00 MB
[2017.06.10-08.24.53:814][  0]LogMeshUtilities: Using QuadricMeshReduction for automatic static mesh reduction
[2017.06.10-08.24.53:864][  0]LogSimplygon: Simplygon DLL not present - disabling.
[2017.06.10-08.24.53:921][  0]LogMeshUtilities: Using SimplygonSwarm for distributed automatic mesh merging
[2017.06.10-08.24.53:921][  0]LogMeshUtilities: No automatic skeletal mesh reduction module available
[2017.06.10-08.24.53:921][  0]LogMeshUtilities: No automatic mesh merging module available
[2017.06.10-08.24.54:495][  0]LogNetVersion: GetLocalNetworkVersion: CL: 3299760, ProjectName: projectarkham, ProjectVersion: , EngineNetworkVersion: 2, GameNetworkVersion: 0, NetworkChecksum: 854998880
[2017.06.10-08.24.54:547][  0]LogAssetRegistry: FAssetRegistry took 0.0215 seconds to start up
[2017.06.10-08.24.54:612][  0]LogPackageLocalizationCache: Processed 3 localized package path(s) for 2 prioritized culture(s) in 0.039606 seconds
[2017.06.10-08.24.54:617][  0]LogUObjectArray: 32493 objects as part of root set at end of initial load.
[2017.06.10-08.24.54:617][  0]LogUObjectAllocator: 7077032 out of 0 bytes used by permanent object pool.
[2017.06.10-08.24.54:617][  0]LogUObjectArray: CloseDisregardForGC: 0/0 objects in disregard for GC pool
[2017.06.10-08.24.54:694][  0]LogInit: WinSock: version 1.1 (2.2), MaxSocks=32767, MaxUdp=65467
[2017.06.10-08.24.56:475][  0]LogTcpMessaging: Initializing TcpMessaging bridge
[2017.06.10-08.24.56:520][  0]LogUdpMessaging: Initializing bridge on interface 0.0.0.0:0 to multicast group 230.0.0.1:6666.
[2017.06.10-08.24.57:059][  0]LogMaterial: Uniform references updated for custom material expression Custom.
[2017.06.10-08.24.57:493][  0]SourceControl: Info Source control is disabled
[2017.06.10-08.24.57:494][  0]SourceControl: Info Source control is disabled
[2017.06.10-08.24.57:550][  0]SourceControl: Info Source control is disabled
[2017.06.10-08.24.57:606][  0]SourceControl: Info Source control is disabled
[2017.06.10-08.24.59:250][  0]LogEngine: Initializing Engine...
[2017.06.10-08.24.59:251][  0]LogHMD: Failed to initialize OpenVR with code 110
[2017.06.10-08.24.59:392][  0]LogStats: UGameplayTagsManager::ConstructGameplayTagTree: Construct from data asset -  0.000 s
[2017.06.10-08.24.59:392][  0]LogStats: UGameplayTagsManager::ConstructGameplayTagTree: GameplayTagTreeChangedEvent.Broadcast -  0.000 s
[2017.06.10-08.24.59:551][  0]LogAIModule: Creating AISystem for world Untitled
[2017.06.10-08.24.59:565][  0]LogInit: XAudio2 using 'Line Out (Scarlett 2i4 USB)' : 2 channels at 44.1 kHz using 16 bits per sample (channel mask 0x3)
[2017.06.10-08.24.59:574][  0]LogInit: FAudioDevice initialized.
[2017.06.10-08.24.59:602][  0]LogDerivedDataCache: Saved boot cache 0.03s 50MB C:/Users/pslin/AppData/Local/UnrealEngine/4.15/DerivedDataCache/Boot.ddc.
[2017.06.10-08.24.59:613][  0]LogInit: Texture streaming: Enabled
[2017.06.10-08.24.59:747][  0]LogEngineSessionManager: EngineSessionManager initialized
[2017.06.10-08.24.59:862][  0]LogInit: Transaction tracking system initialized
[2017.06.10-08.25.00:337][  0]BlueprintLog: New page: Editor Load
[2017.06.10-08.25.01:525][  0]LocalizationService: Info Localization service is disabled
[2017.06.10-08.25.02:358][  0]LogConsoleResponse:Display: 
[2017.06.10-08.25.02:495][  0]LogCook:Display: Max memory allowance for cook 16384mb min free memory 0mb
[2017.06.10-08.25.02:495][  0]LogCook:Display: Mobile HDR setting 1
[2017.06.10-08.25.02:674][  0]LogFileCache: Scanning file cache for directory 'D:/UE4 Projects/GIT/ProjectArkham/ProjectArkham/Content/' took 0.01s
[2017.06.10-08.25.03:787][  0]SourceControl: Info Source control is disabled
[2017.06.10-08.25.03:787][  0]Cmd: MAP LOAD FILE="D:/UE4 Projects/GIT/ProjectArkham/ProjectArkham/Content/2DSideScrollerBP/Maps/2DSideScrollerExampleMap.umap" TEMPLATE=0 SHOWPROGRESS=1 FEATURELEVEL=3
[2017.06.10-08.25.03:787][  0]LightingResults: New page: Lighting Build
[2017.06.10-08.25.03:837][  0]MapCheck: New page: Map Check
[2017.06.10-08.25.03:837][  0]LightingResults: New page: Lighting Build
[2017.06.10-08.25.03:998][  0]LogAIModule: Creating AISystem for world 2DSideScrollerExampleMap
[2017.06.10-08.25.04:021][  0]LogEditorServer: Finished looking for orphan Actors (0.000 secs)
[2017.06.10-08.25.04:022][  0]Cmd: MAP CHECKDEP NOCLEARLOG
[2017.06.10-08.25.04:072][  0]MapCheck: Info Map check complete: 0 Error(s), 0 Warning(s), took 50.028ms to complete.
[2017.06.10-08.25.04:072][  0]LogFileHelpers: Loading map '2DSideScrollerExampleMap' took 0.286
[2017.06.10-08.25.04:124][  0]LogWindowsTextInputMethodSystem:Display: IME system now deactivated.
[2017.06.10-08.25.04:261][  0]LogCollectionManager: Loaded 0 collections in 0.002023 seconds
[2017.06.10-08.25.04:355][  0]LogFileCache: Scanning file cache for directory 'D:/UE4 Projects/GIT/ProjectArkham/ProjectArkham/Saved/Collections/' took 0.01s
[2017.06.10-08.25.04:355][  0]LogFileCache: Scanning file cache for directory 'D:/UE4 Projects/GIT/ProjectArkham/ProjectArkham/Content/Developers/pslin/Collections/' took 0.01s
[2017.06.10-08.25.04:355][  0]LogFileCache: Scanning file cache for directory 'D:/UE4 Projects/GIT/ProjectArkham/ProjectArkham/Content/Collections/' took 0.01s
[2017.06.10-08.25.04:355][  0]LogCollectionManager: Rebuilt the GUID cache for 0 collections in 0.000002 seconds
[2017.06.10-08.25.04:366][  0]LogContentBrowser: Native class hierarchy populated in 0.0108 seconds. Added 2245 classes and 453 folders.
[2017.06.10-08.25.04:454][  0]LogContentBrowser: Native class hierarchy updated for 'WidgetCarousel' in 0.0005 seconds. Added 0 classes and 0 folders.
[2017.06.10-08.25.04:498][  0]LogContentBrowser: Native class hierarchy updated for 'AddContentDialog' in 0.0005 seconds. Added 0 classes and 0 folders.
[2017.06.10-08.25.04:549][  0]LogContentBrowser: Native class hierarchy updated for 'SceneOutliner' in 0.0006 seconds. Added 1 classes and 2 folders.
[2017.06.10-08.25.04:607][  0]LogCrashTracker: Crashtracker disabled due to settings.
[2017.06.10-08.25.04:614][  0]LogUObjectGlobals:Warning: Failed to find object 'Class None.'
[2017.06.10-08.25.04:689][  0]LogContentBrowser: Native class hierarchy updated for 'HierarchicalLODOutliner' in 0.0006 seconds. Added 1 classes and 2 folders.
[2017.06.10-08.25.04:689][  0]LogLoad: (Engine Initialization) Total time: 18.50 seconds
[2017.06.10-08.25.04:689][  0]LogLoad: (Engine Initialization) Total Blueprint compile time: 0.12 seconds
[2017.06.10-08.25.04:689][  0]LogExternalProfiler: Found external profiler: VSPerf
[2017.06.10-08.25.04:689][  0]LogExternalProfiler: Using external profiler: VSPerf
[2017.06.10-08.25.04:698][  0]LogOcInput: OculusInput pre-init called
[2017.06.10-08.25.04:719][  0]LogContentStreaming: Texture pool size now 1000 MB
[2017.06.10-08.25.04:720][  0]LogSlate: Took 0.000247 seconds to synchronously load lazily loaded font '../../../Engine/Content/Slate/Fonts/Roboto-Regular.ttf' (155K)
[2017.06.10-08.25.04:724][  0]LogSlate: Took 0.000238 seconds to synchronously load lazily loaded font '../../../Engine/Content/Slate/Fonts/Roboto-Bold.ttf' (160K)
[2017.06.10-08.25.04:730][  0]LogSlate: Took 0.000216 seconds to synchronously load lazily loaded font '../../../Engine/Content/Editor/Slate/Fonts/FontAwesome.ttf' (139K)
[2017.06.10-08.25.04:844][  0]LogSlate: Took 0.000247 seconds to synchronously load lazily loaded font '../../../Engine/Content/Slate/Fonts/Roboto-Light.ttf' (159K)
[2017.06.10-08.25.04:908][  0]LogRenderer: Reallocating scene render targets to support 852x540 NumSamples 1 (Frame:2).
[2017.06.10-08.25.05:044][  1]LogAssetRegistry: Asset discovery search completed in 10.5183 seconds
[2017.06.10-08.25.05:044][  1]LogCollectionManager: Rebuilt the object cache for 0 collections in 0.000008 seconds (found 0 objects)
[2017.06.10-08.25.05:044][  1]LogCollectionManager: Fixed up redirectors for 0 collections in 0.000024 seconds (updated 0 objects)
[2017.06.10-08.25.30:288][680]LogEditorViewport: Clicking on Actor (LMB): PaperSpriteActor (LeftEdge)
[2017.06.10-08.25.37:415][499]LogEditorViewport: Clicking on Actor (LMB): PaperSpriteActor (Ledge_14)
[2017.06.10-08.25.45:209][368]LogSlate: Took 0.000205 seconds to synchronously load lazily loaded font '../../../Engine/Content/Slate/Fonts/Roboto-Light.ttf' (159K)
[2017.06.10-08.25.45:288][368]LogSlate: Took 0.004700 seconds to synchronously load lazily loaded font '../../../Engine/Content/Editor/Slate/Fonts/Roboto-BoldCondensed.ttf' (158K)
[2017.06.10-08.25.45:406][368]LogRenderer: Reallocating scene render targets to support 1528x920 NumSamples 1 (Frame:2203).
[2017.06.10-08.25.53:228][995]LogSlate: Took 0.004359 seconds to synchronously load lazily loaded font '../../../Engine/Content/Editor/Slate/Fonts/Roboto-Italic.ttf' (157K)
[2017.06.10-08.26.39:913][985]LogEditorViewport: Clicking on Actor (LMB): PaperSpriteActor (Ledge_13)
[2017.06.10-08.26.40:476][ 38]LogEditorViewport: Clicking on Actor (LMB): PaperSpriteActor (Ledge_14)
[2017.06.10-08.26.40:980][ 80]LogEditorViewport: Clicking on Actor (LMB): PaperSpriteActor (Ledge_34)
[2017.06.10-08.26.55:280][317]LogEditorViewport: Clicking on Actor (LMB): PaperSpriteActor (Ledge_13)
[2017.06.10-08.28.04:719][708]Cmd: TRANSACTION UNDO
[2017.06.10-08.28.04:719][708]LogEditorTransaction: Undo Add Vertex to Polygon
[2017.06.10-08.28.04:730][708]LogSlate: Took 0.000229 seconds to synchronously load lazily loaded font '../../../Engine/Content/Slate/Fonts/Roboto-Light.ttf' (159K)
[2017.06.10-08.28.05:002][725]Cmd: TRANSACTION UNDO
[2017.06.10-08.28.05:002][725]LogEditorTransaction: Undo Add Vertex to Polygon
[2017.06.10-08.28.05:158][733]Cmd: TRANSACTION UNDO
[2017.06.10-08.28.05:158][733]LogEditorTransaction: Undo Add Vertex to Polygon
[2017.06.10-08.28.05:295][741]Cmd: TRANSACTION UNDO
[2017.06.10-08.28.05:295][741]LogEditorTransaction: Undo Add Vertex to Polygon
[2017.06.10-08.28.05:463][753]Cmd: TRANSACTION UNDO
[2017.06.10-08.28.05:463][753]LogEditorTransaction: Undo Add Vertex to Polygon
[2017.06.10-08.28.05:632][765]Cmd: TRANSACTION UNDO
[2017.06.10-08.28.05:632][765]LogEditorTransaction: Undo Add Vertex to Polygon
[2017.06.10-08.28.05:797][777]Cmd: TRANSACTION UNDO
[2017.06.10-08.28.05:797][777]LogEditorTransaction: Undo Add Vertex to Polygon
[2017.06.10-08.28.06:001][792]Cmd: TRANSACTION UNDO
[2017.06.10-08.28.06:001][792]LogEditorTransaction: Undo Add Vertex to Polygon
[2017.06.10-08.28.06:352][819]Cmd: TRANSACTION UNDO
[2017.06.10-08.28.06:352][819]LogEditorTransaction: Undo Add Vertex to Polygon
[2017.06.10-08.28.06:591][837]Cmd: TRANSACTION UNDO
[2017.06.10-08.28.06:591][837]LogEditorTransaction: Undo Add Vertex to Polygon
[2017.06.10-08.28.06:814][852]Cmd: TRANSACTION UNDO
[2017.06.10-08.28.06:814][852]LogEditorTransaction: Undo Move Actors
[2017.06.10-08.28.08:429][981]Cmd: TRANSACTION UNDO
[2017.06.10-08.28.08:429][981]LogEditorTransaction: Undo Move Actors
[2017.06.10-08.30.35:663][756]SourceControl: Info Source control is disabled
[2017.06.10-08.32.17:247][735]LogAssetTools:Warning: Failed to import 'D:\UE4 Projects\CodeTestProject\CodeTestProject\Content\Blueprint\PlayerBP.uasset'. Unknown extension 'uasset'.
[2017.06.10-08.35.26:229][935]LogSavePackage: Save=105.26ms
[2017.06.10-08.35.26:229][935]LogSavePackage: Moving 'D:/UE4 Projects/GIT/ProjectArkham/ProjectArkham/Saved/2DSideScrollerExampleMap_Auto15D9C09174E54358027B832BCC458FC68.tmp' to 'D:/UE4 Projects/GIT/ProjectArkham/ProjectArkham/Saved/Autosaves/Game/2DSideScrollerBP/Maps/2DSideScrollerExampleMap_Auto1.umap'
[2017.06.10-08.35.26:229][935]LogSavePackage:Display: Finished SavePackage D:/UE4 Projects/GIT/ProjectArkham/ProjectArkham/Saved/Autosaves/Game/2DSideScrollerBP/Maps/2DSideScrollerExampleMap_Auto1.umap
[2017.06.10-08.35.26:235][935]LogFileHelpers: Editor autosave (incl. sublevels) for '/Game/2DSideScrollerBP/Maps/2DSideScrollerExampleMap' took 0.568
[2017.06.10-08.35.26:235][935]LogFileHelpers: Editor autosave (incl. sublevels) for all levels took 0.568
[2017.06.10-08.36.40:618][836]LogTemp: Repeting last play command: Selected Viewport
[2017.06.10-08.36.40:630][836]LogBlueprintUserMessages: Early PlayInEditor Detection: Level '/Game/2DSideScrollerBP/Maps/2DSideScrollerExampleMap.2DSideScrollerExampleMap:PersistentLevel' has LevelScriptBlueprint '/Game/2DSideScrollerBP/Maps/2DSideScrollerExampleMap.2DSideScrollerExampleMap:PersistentLevel.2DSideScrollerExampleMap' with GeneratedClass '/Game/2DSideScrollerBP/Maps/2DSideScrollerExampleMap.2DSideScrollerExampleMap_C' with ClassGeneratedBy '/Game/2DSideScrollerBP/Maps/2DSideScrollerExampleMap.2DSideScrollerExampleMap:PersistentLevel.2DSideScrollerExampleMap'
[2017.06.10-08.36.40:630][836]LogPlayLevel: PlayLevel: No blueprints needed recompiling
[2017.06.10-08.36.40:630][836]PIE: New page: PIE session: 2DSideScrollerExampleMap (10 Jun 2017 12:36:40)
[2017.06.10-08.36.40:630][836]LogPlayLevel: Creating play world package: /Game/2DSideScrollerBP/Maps/UEDPIE_0_2DSideScrollerExampleMap
[2017.06.10-08.36.40:633][836]LogPlayLevel: PIE: StaticDuplicateObject took: (0.002793s)
[2017.06.10-08.36.40:634][836]LogAIModule: Creating AISystem for world 2DSideScrollerExampleMap
[2017.06.10-08.36.40:634][836]LogPlayLevel: PIE: World Init took: (0.000693s)
[2017.06.10-08.36.40:634][836]LogPlayLevel: PIE: Created PIE world by copying editor world from /Game/2DSideScrollerBP/Maps/2DSideScrollerExampleMap.2DSideScrollerExampleMap to /Game/2DSideScrollerBP/Maps/UEDPIE_0_2DSideScrollerExampleMap.2DSideScrollerExampleMap (0.003750s)
[2017.06.10-08.36.40:648][836]LogInit: XAudio2 using 'Line Out (Scarlett 2i4 USB)' : 2 channels at 44.1 kHz using 16 bits per sample (channel mask 0x3)
[2017.06.10-08.36.40:653][836]LogInit: FAudioDevice initialized.
[2017.06.10-08.36.40:700][836]LogLoad: Game class is '2DSideScrollerGameMode_C'
[2017.06.10-08.36.40:702][836]LogWorld: Bringing World /Game/2DSideScrollerBP/Maps/UEDPIE_0_2DSideScrollerExampleMap.2DSideScrollerExampleMap up for play (max tick rate 0) at 2017.06.10-10.36.40
[2017.06.10-08.36.40:703][836]LogWorld: Bringing up level for play took: 0.001706
[2017.06.10-08.36.40:755][836]LogContentBrowser: Native class hierarchy updated for 'MovieSceneCapture' in 0.0007 seconds. Added 11 classes and 0 folders.
[2017.06.10-08.36.40:756][836]PIE: Info Play in editor start time for /Game/2DSideScrollerBP/Maps/UEDPIE_0_2DSideScrollerExampleMap 0.617
[2017.06.10-08.36.40:756][836]LogBlueprintUserMessages: Late PlayInEditor Detection: Level '/Game/2DSideScrollerBP/Maps/2DSideScrollerExampleMap.2DSideScrollerExampleMap:PersistentLevel' has LevelScriptBlueprint '/Game/2DSideScrollerBP/Maps/2DSideScrollerExampleMap.2DSideScrollerExampleMap:PersistentLevel.2DSideScrollerExampleMap' with GeneratedClass '/Game/2DSideScrollerBP/Maps/2DSideScrollerExampleMap.2DSideScrollerExampleMap_C' with ClassGeneratedBy '/Game/2DSideScrollerBP/Maps/2DSideScrollerExampleMap.2DSideScrollerExampleMap:PersistentLevel.2DSideScrollerExampleMap'
[2017.06.10-08.36.42:001][980]LogBlueprintUserMessages: Early EndPlayMap Detection: Level '/Game/2DSideScrollerBP/Maps/2DSideScrollerExampleMap.2DSideScrollerExampleMap:PersistentLevel' has LevelScriptBlueprint '/Game/2DSideScrollerBP/Maps/2DSideScrollerExampleMap.2DSideScrollerExampleMap:PersistentLevel.2DSideScrollerExampleMap' with GeneratedClass '/Game/2DSideScrollerBP/Maps/2DSideScrollerExampleMap.2DSideScrollerExampleMap_C' with ClassGeneratedBy '/Game/2DSideScrollerBP/Maps/2DSideScrollerExampleMap.2DSideScrollerExampleMap:PersistentLevel.2DSideScrollerExampleMap'
[2017.06.10-08.36.42:066][980]LogBlueprintUserMessages: Late EndPlayMap Detection: Level '/Game/2DSideScrollerBP/Maps/2DSideScrollerExampleMap.2DSideScrollerExampleMap:PersistentLevel' has LevelScriptBlueprint '/Game/2DSideScrollerBP/Maps/2DSideScrollerExampleMap.2DSideScrollerExampleMap:PersistentLevel.2DSideScrollerExampleMap' with GeneratedClass '/Game/2DSideScrollerBP/Maps/2DSideScrollerExampleMap.2DSideScrollerExampleMap_C' with ClassGeneratedBy '/Game/2DSideScrollerBP/Maps/2DSideScrollerExampleMap.2DSideScrollerExampleMap:PersistentLevel.2DSideScrollerExampleMap'
[2017.06.10-08.36.47:364][560]LogBlueprint:Warning: [Compiler PlayerBP] Warning InputAction Event references unknown Action 'AltFire' for  InputAction AltFire
[2017.06.10-08.36.47:364][560]LogBlueprint:Warning: [Compiler PlayerBP] Warning InputAction Event references unknown Action 'Fire' for  InputAction Fire
[2017.06.10-08.36.47:365][560]LogBlueprint:Warning: [Compiler PlayerBP] Warning Input Axis Event references unknown Axis 'Crawl' for  InputAxis Crawl
[2017.06.10-08.36.47:365][560]LogBlueprint:Warning: [Compiler PlayerBP] Warning Input Axis Event references unknown Axis 'Up' for  InputAxis Up
[2017.06.10-08.36.47:384][560]LogBlueprint:Warning: [Compiler PlayerBP] Warning [0721.20] Compile of PlayerBP successful, but with 4 Warning(s) [in 47 ms] (/Game/Blueprint/PlayerBP.PlayerBP)
[2017.06.10-08.36.47:384][560]LogBlueprint:Warning: [Compiler PlayerBP] Warning [0721.20] Compile of PlayerBP successful, but with 5 Warning(s) [in 0 ms] (/Game/Blueprint/PlayerBP.PlayerBP)
[2017.06.10-08.36.47:384][560]LogBlueprint:Warning: [Compiler PlayerBP] Warning [0721.20] Compile of PlayerBP successful, but with 6 Warning(s) [in 0 ms] (/Game/Blueprint/PlayerBP.PlayerBP)
[2017.06.10-08.36.47:420][560]LogBlueprint:Warning: [Compiler PlayerBP] Warning InputAction Event references unknown Action 'AltFire' for  InputAction AltFire
[2017.06.10-08.36.47:421][560]LogBlueprint:Warning: [Compiler PlayerBP] Warning InputAction Event references unknown Action 'Fire' for  InputAction Fire
[2017.06.10-08.36.47:421][560]LogBlueprint:Warning: [Compiler PlayerBP] Warning Input Axis Event references unknown Axis 'Crawl' for  InputAxis Crawl
[2017.06.10-08.36.47:421][560]LogBlueprint:Warning: [Compiler PlayerBP] Warning Input Axis Event references unknown Axis 'Up' for  InputAxis Up
[2017.06.10-08.36.47:440][560]LogBlueprint:Warning: [Compiler PlayerBP] Warning [0721.25] Compile of PlayerBP successful, but with 4 Warning(s) [in 48 ms] (/Game/Blueprint/PlayerBP.PlayerBP)
[2017.06.10-08.36.47:440][560]LogBlueprint:Warning: [Compiler PlayerBP] Warning [0721.25] Compile of PlayerBP successful, but with 5 Warning(s) [in 0 ms] (/Game/Blueprint/PlayerBP.PlayerBP)
[2017.06.10-08.36.47:440][560]LogBlueprint:Warning: [Compiler PlayerBP] Warning [0721.25] Compile of PlayerBP successful, but with 6 Warning(s) [in 0 ms] (/Game/Blueprint/PlayerBP.PlayerBP)
[2017.06.10-08.36.48:088][560]LogContentBrowser: Native class hierarchy updated for 'BlueprintGraph' in 0.0009 seconds. Added 112 classes and 0 folders.
[2017.06.10-08.36.48:853][560]LogSlate: Took 0.000193 seconds to synchronously load lazily loaded font '../../../Engine/Content/Slate/Fonts/Roboto-Regular.ttf' (155K)
[2017.06.10-08.36.50:656][608]BlueprintLog: New page: Compile PlayerBP
[2017.06.10-08.36.50:776][608]LogBlueprint:Warning: [Compiler PlayerBP] Warning InputAction Event references unknown Action 'AltFire' for  InputAction AltFire
[2017.06.10-08.36.50:777][608]LogBlueprint:Warning: [Compiler PlayerBP] Warning InputAction Event references unknown Action 'Fire' for  InputAction Fire
[2017.06.10-08.36.50:777][608]LogBlueprint:Warning: [Compiler PlayerBP] Warning Input Axis Event references unknown Axis 'Crawl' for  InputAxis Crawl
[2017.06.10-08.36.50:777][608]LogBlueprint:Warning: [Compiler PlayerBP] Warning Input Axis Event references unknown Axis 'Up' for  InputAxis Up
[2017.06.10-08.36.50:926][608]BlueprintEditorCompileResults:Warning: Warning InputAction Event references unknown Action 'AltFire' for  InputAction AltFire
[2017.06.10-08.36.50:926][608]BlueprintEditorCompileResults:Warning: Warning InputAction Event references unknown Action 'Fire' for  InputAction Fire
[2017.06.10-08.36.50:926][608]BlueprintEditorCompileResults:Warning: Warning Input Axis Event references unknown Axis 'Crawl' for  InputAxis Crawl
[2017.06.10-08.36.50:926][608]BlueprintEditorCompileResults:Warning: Warning Input Axis Event references unknown Axis 'Up' for  InputAxis Up
[2017.06.10-08.36.50:926][608]LogBlueprint:Warning: [Compiler PlayerBP] Warning [0724.74] Compile of PlayerBP successful, but with 4 Warning(s) [in 269 ms] (/Game/Blueprint/PlayerBP.PlayerBP)
[2017.06.10-08.37.03:771][407]LogScript:Warning: Accessed None trying to read property CallFunc_GetInstigator_ReturnValue
	ProjectileBP_C /Engine/Transient.World_5:PersistentLevel.ProjectileBP_C_0
	Function /Game/Blueprint/ProjectileBP.ProjectileBP_C:UserConstructionScript:004B
[2017.06.10-08.37.35:022][816]LogSavePackage: Save=121.15ms
[2017.06.10-08.37.35:022][816]LogSavePackage: Moving 'D:/UE4 Projects/GIT/ProjectArkham/ProjectArkham/Saved/2DSideScrollerExampleMap9103A0C24D1D4EB77A7D63B8B7853BC1.tmp' to 'D:/UE4 Projects/GIT/ProjectArkham/ProjectArkham/Content/2DSideScrollerBP/Maps/2DSideScrollerExampleMap.umap'
[2017.06.10-08.37.35:028][816]LogSavePackage:Display: Finished SavePackage D:/UE4 Projects/GIT/ProjectArkham/ProjectArkham/Content/2DSideScrollerBP/Maps/2DSideScrollerExampleMap.umap
[2017.06.10-08.37.35:493][816]LogSavePackage: Save=437.17ms
[2017.06.10-08.37.35:493][816]LogSavePackage: Moving 'D:/UE4 Projects/GIT/ProjectArkham/ProjectArkham/Saved/2DSideScrollerExampleMap_BuiltData1DC85339498D6356304244AD106878EA.tmp' to 'D:/UE4 Projects/GIT/ProjectArkham/ProjectArkham/Content/2DSideScrollerBP/Maps/2DSideScrollerExampleMap_BuiltData.uasset'
[2017.06.10-08.37.35:494][816]LogSavePackage:Display: Finished SavePackage D:/UE4 Projects/GIT/ProjectArkham/ProjectArkham/Content/2DSideScrollerBP/Maps/2DSideScrollerExampleMap_BuiltData.uasset
[2017.06.10-08.37.46:295][757]LogSlate: Only BGRA pngs, bmps or icos are supported in by External Image Picker
[2017.06.10-08.37.46:364][757]LogTemp:Display: Executing iPhonePackager certificates Engine -bundlename com.YourCompany.ProjectArkham

[2017.06.10-08.37.46:364][757]LogTemp:Display: CWD: C:\Program Files\Epic Games\UE_4.15\Engine\Binaries\DotNET\IOS

[2017.06.10-08.37.46:364][757]LogTemp:Display: Initial Dir: C:\Program Files\Epic Games\UE_4.15

[2017.06.10-08.37.46:364][757]LogTemp:Display: Env CWD: C:\Program Files\Epic Games\UE_4.15\Engine\Binaries\DotNET\IOS

[2017.06.10-08.37.46:371][757]LogTemp:Display: BranchPath = DESKTOP-K7JL0B7/C/Program Files/Epic Games/UE_4.15/Engine/Binaries --- GameBranchPath = DESKTOP-K7JL0B7/C/Program Files/Epic Games/UE_4.15/Engine/Binaries

[2017.06.10-08.37.46:458][762]LogTemp:Display: IPP ERROR: Application exception: System.IO.DirectoryNotFoundException: Could not find a part of the path 'C:\Users\pslin\AppData\Local\Apple Computer\MobileDevice\Provisioning Profiles'.

[2017.06.10-08.37.46:458][762]LogTemp:Display:    at System.IO.__Error.WinIOError(Int32 errorCode, String maybeFullPath)

[2017.06.10-08.37.46:458][762]LogTemp:Display:    at System.IO.FileSystemEnumerableIterator`1.CommonInit()

[2017.06.10-08.37.46:458][762]LogTemp:Display:    at System.IO.Directory.EnumerateFiles(String path, String searchPattern)

[2017.06.10-08.37.46:458][762]LogTemp:Display:    at iPhonePackager.CodeSignatureBuilder.FindProvisions(String CFBundleIdentifier)

[2017.06.10-08.37.46:458][762]LogTemp:Display:    at iPhonePackager.Program.Main(String[] args)

[2017.06.10-08.39.42:629][756]LogWindowsTextInputMethodSystem:Display: IME system now deactivated.
[2017.06.10-08.39.42:813][757]Cmd: QUIT_EDITOR
[2017.06.10-08.39.43:587][757]LogExit: Preparing to exit.
[2017.06.10-08.39.43:998][757]LogExit: Editor shut down
[2017.06.10-08.39.43:999][757]LogExit: Transaction tracking system shut down
[2017.06.10-08.39.44:087][757]LogObj: Freed 0b from 0 cluster array pools.
[2017.06.10-08.39.44:087][757]LogExit: Object subsystem successfully closed.
[2017.06.10-08.39.44:098][757]LogD3D11RHI: Shutdown
[2017.06.10-08.39.44:098][757]LogD3D11RHI: CleanupD3DDevice
[2017.06.10-08.39.44:157][757]LogD3D11RHI: ~FD3D11DynamicRHI
[2017.06.10-08.39.44:175][757]LogModuleManager: Shutting down and abandoning module ExternalImagePicker (506)
[2017.06.10-08.39.44:175][757]LogModuleManager: Shutting down and abandoning module BlueprintGraph (504)
[2017.06.10-08.39.44:175][757]LogModuleManager: Shutting down and abandoning module BlueprintProfiler (502)
[2017.06.10-08.39.44:175][757]LogModuleManager: Shutting down and abandoning module MovieSceneCapture (500)
[2017.06.10-08.39.44:175][757]LogModuleManager: Shutting down and abandoning module HierarchicalLODOutliner (498)
[2017.06.10-08.39.44:175][757]LogModuleManager: Shutting down and abandoning module CrashTracker (496)
[2017.06.10-08.39.44:175][757]LogModuleManager: Shutting down and abandoning module SceneOutliner (494)
[2017.06.10-08.39.44:175][757]LogModuleManager: Shutting down and abandoning module AddContentDialog (492)
[2017.06.10-08.39.44:175][757]LogDirectoryWatcher: A directory notification for 'C:/Program Files/Epic Games/UE_4.15/FeaturePacks/' was aborted.
[2017.06.10-08.39.44:176][757]LogModuleManager: Shutting down and abandoning module WidgetCarousel (491)
[2017.06.10-08.39.44:176][757]LogModuleManager: Shutting down and abandoning module EditorWidgets (488)
[2017.06.10-08.39.44:176][757]LogModuleManager: Shutting down and abandoning module CollectionManager (486)
[2017.06.10-08.39.44:176][757]LogDirectoryWatcher: A directory notification for 'D:/UE4 Projects/GIT/ProjectArkham/ProjectArkham/Content/Collections/' was aborted.
[2017.06.10-08.39.44:176][757]LogDirectoryWatcher: A directory notification for 'D:/UE4 Projects/GIT/ProjectArkham/ProjectArkham/Content/Developers/pslin/Collections/' was aborted.
[2017.06.10-08.39.44:176][757]LogDirectoryWatcher: A directory notification for 'D:/UE4 Projects/GIT/ProjectArkham/ProjectArkham/Saved/Collections/' was aborted.
[2017.06.10-08.39.44:176][757]LogModuleManager: Shutting down and abandoning module StatsViewer (484)
[2017.06.10-08.39.44:176][757]LogModuleManager: Shutting down and abandoning module FoliageEdit (482)
[2017.06.10-08.39.44:176][757]LogModuleManager: Shutting down and abandoning module LandscapeEditor (480)
[2017.06.10-08.39.44:176][757]LogModuleManager: Shutting down and abandoning module SceneDepthPickerMode (478)
[2017.06.10-08.39.44:176][757]LogModuleManager: Shutting down and abandoning module ActorPickerMode (476)
[2017.06.10-08.39.44:176][757]LogModuleManager: Shutting down and abandoning module GeometryMode (474)
[2017.06.10-08.39.44:176][757]LogModuleManager: Shutting down and abandoning module TextureAlignMode (472)
[2017.06.10-08.39.44:176][757]LogModuleManager: Shutting down and abandoning module BspMode (470)
[2017.06.10-08.39.44:176][757]LogModuleManager: Shutting down and abandoning module HardwareSurvey (468)
[2017.06.10-08.39.44:176][757]LogModuleManager: Shutting down and abandoning module SequenceRecorderSections (466)
[2017.06.10-08.39.44:176][757]LogModuleManager: Shutting down and abandoning module AutomationWorker (464)
[2017.06.10-08.39.44:176][757]LogModuleManager: Shutting down and abandoning module MatineeToLevelSequence (462)
[2017.06.10-08.39.44:176][757]LogModuleManager: Shutting down and abandoning module LevelSequenceEditor (460)
[2017.06.10-08.39.44:176][757]LogModuleManager: Shutting down and abandoning module PlacementMode (459)
[2017.06.10-08.39.44:176][757]LogModuleManager: Shutting down and abandoning module WmfMediaFactory (456)
[2017.06.10-08.39.44:176][757]LogModuleManager: Shutting down and abandoning module WmfMediaEditor (454)
[2017.06.10-08.39.44:176][757]LogModuleManager: Shutting down and abandoning module MfMediaFactory (452)
[2017.06.10-08.39.44:176][757]LogModuleManager: Shutting down and abandoning module MfMediaEditor (450)
[2017.06.10-08.39.44:176][757]LogModuleManager: Shutting down and abandoning module AvfMediaFactory (448)
[2017.06.10-08.39.44:176][757]LogModuleManager: Shutting down and abandoning module AvfMediaEditor (446)
[2017.06.10-08.39.44:176][757]LogModuleManager: Shutting down and abandoning module AndroidMediaFactory (444)
[2017.06.10-08.39.44:176][757]LogModuleManager: Shutting down and abandoning module Media (443)
[2017.06.10-08.39.44:176][757]LogModuleManager: Shutting down and abandoning module AndroidMediaEditor (440)
[2017.06.10-08.39.44:176][757]LogModuleManager: Shutting down and abandoning module CharacterAI (438)
[2017.06.10-08.39.44:176][757]LogModuleManager: Shutting down and abandoning module AudioCapture (436)
[2017.06.10-08.39.44:176][757]LogModuleManager: Shutting down and abandoning module SequenceRecorder (435)
[2017.06.10-08.39.44:176][757]LogModuleManager: Shutting down and abandoning module SmartSnapping (432)
[2017.06.10-08.39.44:176][757]LogModuleManager: Shutting down and abandoning module SessionServices (430)
[2017.06.10-08.39.44:176][757]LogModuleManager: Shutting down and abandoning module ViewportSnapping (428)
[2017.06.10-08.39.44:176][757]LogModuleManager: Shutting down and abandoning module ViewportInteraction (426)
[2017.06.10-08.39.44:176][757]LogModuleManager: Shutting down and abandoning module LogVisualizer (424)
[2017.06.10-08.39.44:176][757]LogModuleManager: Shutting down and abandoning module IntroTutorials (422)
[2017.06.10-08.39.44:176][757]LogModuleManager: Shutting down and abandoning module GameProjectGeneration (421)
[2017.06.10-08.39.44:176][757]LogModuleManager: Shutting down and abandoning module EditorLiveStreaming (418)
[2017.06.10-08.39.44:176][757]LogModuleManager: Shutting down and abandoning module IOSPlatformEditor (416)
[2017.06.10-08.39.44:176][757]LogModuleManager: Shutting down and abandoning module HTML5PlatformEditor (414)
[2017.06.10-08.39.44:176][757]LogModuleManager: Shutting down and abandoning module AndroidPlatformEditor (412)
[2017.06.10-08.39.44:176][757]LogModuleManager: Shutting down and abandoning module AndroidDeviceDetection (411)
[2017.06.10-08.39.44:330][757]LogModuleManager: Shutting down and abandoning module IOSRuntimeSettings (408)
[2017.06.10-08.39.44:330][757]LogModuleManager: Shutting down and abandoning module AndroidRuntimeSettings (406)
[2017.06.10-08.39.44:330][757]LogModuleManager: Shutting down and abandoning module InputBindingEditor (404)
[2017.06.10-08.39.44:330][757]LogModuleManager: Shutting down and abandoning module NiagaraEditor (402)
[2017.06.10-08.39.44:330][757]LogModuleManager: Shutting down and abandoning module MergeActors (400)
[2017.06.10-08.39.44:330][757]LogModuleManager: Shutting down and abandoning module SizeMap (398)
[2017.06.10-08.39.44:330][757]LogModuleManager: Shutting down and abandoning module TreeMap (396)
[2017.06.10-08.39.44:330][757]LogModuleManager: Shutting down and abandoning module ReferenceViewer (394)
[2017.06.10-08.39.44:330][757]LogModuleManager: Shutting down and abandoning module LocalizationDashboard (392)
[2017.06.10-08.39.44:330][757]LogModuleManager: Shutting down and abandoning module LocalizationService (391)
[2017.06.10-08.39.44:330][757]LogModuleManager: Shutting down and abandoning module HardwareTargeting (388)
[2017.06.10-08.39.44:330][757]LogModuleManager: Shutting down and abandoning module DeviceProfileEditor (386)
[2017.06.10-08.39.44:330][757]LogModuleManager: Shutting down and abandoning module UndoHistory (384)
[2017.06.10-08.39.44:330][757]LogModuleManager: Shutting down and abandoning module UserFeedback (382)
[2017.06.10-08.39.44:330][757]LogModuleManager: Shutting down and abandoning module XmlParser (380)
[2017.06.10-08.39.44:330][757]LogModuleManager: Shutting down and abandoning module Blutility (378)
[2017.06.10-08.39.44:330][757]LogModuleManager: Shutting down and abandoning module ProjectSettingsViewer (376)
[2017.06.10-08.39.44:330][757]LogModuleManager: Shutting down and abandoning module ProjectTargetPlatformEditor (375)
[2017.06.10-08.39.44:331][757]LogModuleManager: Shutting down and abandoning module EditorSettingsViewer (372)
[2017.06.10-08.39.44:331][757]LogModuleManager: Shutting down and abandoning module SettingsEditor (370)
[2017.06.10-08.39.44:331][757]LogModuleManager: Shutting down and abandoning module ProjectLauncher (368)
[2017.06.10-08.39.44:331][757]LogModuleManager: Shutting down and abandoning module SessionFrontend (366)
[2017.06.10-08.39.44:331][757]LogModuleManager: Shutting down and abandoning module ProfilerClient (364)
[2017.06.10-08.39.44:331][757]LogModuleManager: Shutting down and abandoning module DeviceManager (362)
[2017.06.10-08.39.44:331][757]LogModuleManager: Shutting down and abandoning module TargetDeviceServices (361)
[2017.06.10-08.39.44:373][757]LogModuleManager: Shutting down and abandoning module AutomationController (358)
[2017.06.10-08.39.44:373][757]LogModuleManager: Shutting down and abandoning module AutomationWindow (356)
[2017.06.10-08.39.44:373][757]LogModuleManager: Shutting down and abandoning module Layers (354)
[2017.06.10-08.39.44:373][757]LogModuleManager: Shutting down and abandoning module ComponentVisualizers (352)
[2017.06.10-08.39.44:373][757]LogModuleManager: Shutting down and abandoning module DetailCustomizations (350)
[2017.06.10-08.39.44:373][757]LogModuleManager: Shutting down and abandoning module PackagesDialog (348)
[2017.06.10-08.39.44:373][757]LogModuleManager: Shutting down and abandoning module Persona (346)
[2017.06.10-08.39.44:373][757]LogModuleManager: Shutting down and abandoning module AnimGraph (345)
[2017.06.10-08.39.44:373][757]LogModuleManager: Shutting down and abandoning module Kismet (342)
[2017.06.10-08.39.44:385][757]LogModuleManager: Shutting down and abandoning module GraphEditor (340)
[2017.06.10-08.39.44:385][757]LogModuleManager: Shutting down and abandoning module ClassViewer (338)
[2017.06.10-08.39.44:385][757]LogModuleManager: Shutting down and abandoning module Toolbox (336)
[2017.06.10-08.39.44:385][757]LogModuleManager: Shutting down and abandoning module ModuleUI (334)
[2017.06.10-08.39.44:385][757]LogModuleManager: Shutting down and abandoning module MovieSceneTools (332)
[2017.06.10-08.39.44:385][757]LogModuleManager: Shutting down and abandoning module OutputLog (330)
[2017.06.10-08.39.44:385][757]LogModuleManager: Shutting down and abandoning module GammaUI (328)
[2017.06.10-08.39.44:385][757]LogModuleManager: Shutting down and abandoning module Documentation (326)
[2017.06.10-08.39.44:385][757]LogModuleManager: Shutting down and abandoning module Niagara (324)
[2017.06.10-08.39.44:385][757]LogModuleManager: Shutting down and abandoning module StreamingPauseRendering (322)
[2017.06.10-08.39.44:385][757]LogModuleManager: Shutting down and abandoning module AnalyticsET (320)
[2017.06.10-08.39.44:385][757]LogModuleManager: Shutting down and abandoning module PortalServices (318)
[2017.06.10-08.39.44:385][757]LogModuleManager: Shutting down and abandoning module PortalRpc (316)
[2017.06.10-08.39.44:385][757]LogModuleManager: Shutting down and abandoning module MessagingRpc (314)
[2017.06.10-08.39.44:385][757]LogModuleManager: Shutting down and abandoning module AIModule (312)
[2017.06.10-08.39.44:386][757]LogModuleManager: Shutting down and abandoning module GameplayDebugger (311)
[2017.06.10-08.39.44:386][757]LogModuleManager: Shutting down and abandoning module AITestSuite (309)
[2017.06.10-08.39.44:386][757]LogModuleManager: Shutting down and abandoning module ProfilerService (306)
[2017.06.10-08.39.44:629][757]LogModuleManager: Shutting down and abandoning module TaskGraph (304)
[2017.06.10-08.39.44:629][757]LogModuleManager: Shutting down and abandoning module SteamVRController (302)
[2017.06.10-08.39.44:629][757]LogModuleManager: Shutting down and abandoning module SteamVR (300)
[2017.06.10-08.39.44:629][757]LogModuleManager: Shutting down and abandoning module ProceduralMeshComponentEditor (298)
[2017.06.10-08.39.44:629][757]LogModuleManager: Shutting down and abandoning module ProceduralMeshComponent (296)
[2017.06.10-08.39.44:629][757]LogModuleManager: Shutting down and abandoning module OculusLibrary (294)
[2017.06.10-08.39.44:629][757]LogModuleManager: Shutting down and abandoning module OculusInput (292)
[2017.06.10-08.39.44:629][757]LogModuleManager: Shutting down and abandoning module MobilePatchingUtils (290)
[2017.06.10-08.39.44:629][757]LogModuleManager: Shutting down and abandoning module CustomMeshComponent (288)
[2017.06.10-08.39.44:629][757]LogModuleManager: Shutting down and abandoning module CableComponent (286)
[2017.06.10-08.39.44:629][757]LogModuleManager: Shutting down and abandoning module ArchVisCharacter (284)
[2017.06.10-08.39.44:629][757]LogModuleManager: Shutting down and abandoning module MediaPlayerEditor (280)
[2017.06.10-08.39.44:629][757]LogModuleManager: Shutting down and abandoning module HTML5Networking (278)
[2017.06.10-08.39.44:629][757]LogModuleManager: Shutting down and abandoning module AlembicImporter (276)
[2017.06.10-08.39.44:629][757]LogModuleManager: Shutting down and abandoning module AlembicLibrary (275)
[2017.06.10-08.39.44:629][757]LogModuleManager: Shutting down and abandoning module GeometryCache (274)
[2017.06.10-08.39.44:629][757]LogModuleManager: Shutting down and abandoning module GeometryCacheEd (273)
[2017.06.10-08.39.44:629][757]LogModuleManager: Shutting down and abandoning module SuperSearchEditor (268)
[2017.06.10-08.39.44:629][757]LogModuleManager: Shutting down and abandoning module SuperSearch (267)
[2017.06.10-08.39.44:629][757]LogModuleManager: Shutting down and abandoning module SpeedTreeImporter (264)
[2017.06.10-08.39.44:629][757]LogModuleManager: Shutting down and abandoning module PluginBrowser (262)
[2017.06.10-08.39.44:629][757]LogModuleManager: Shutting down and abandoning module MobileLauncherProfileWizard (260)
[2017.06.10-08.39.44:629][757]LogModuleManager: Shutting down and abandoning module EpicSurvey (258)
[2017.06.10-08.39.44:629][757]LogModuleManager: Shutting down and abandoning module VisualStudioSourceCodeAccess (256)
[2017.06.10-08.39.44:629][757]LogModuleManager: Shutting down and abandoning module DesktopPlatform (255)
[2017.06.10-08.39.44:629][757]LogModuleManager: Shutting down and abandoning module UObjectPlugin (252)
[2017.06.10-08.39.44:629][757]LogModuleManager: Shutting down and abandoning module SubversionSourceControl (250)
[2017.06.10-08.39.44:629][757]LogModuleManager: Shutting down and abandoning module PerforceSourceControl (248)
[2017.06.10-08.39.44:630][757]LogModuleManager: Shutting down and abandoning module GitSourceControl (246)
[2017.06.10-08.39.44:630][757]LogModuleManager: Shutting down and abandoning module SourceControl (245)
[2017.06.10-08.39.44:630][757]LogModuleManager: Shutting down and abandoning module LightPropagationVolumeEditor (242)
[2017.06.10-08.39.44:630][757]LogModuleManager: Shutting down and abandoning module PaperTiledImporter (240)
[2017.06.10-08.39.44:630][757]LogModuleManager: Shutting down and abandoning module PaperSpriteSheetImporter (238)
[2017.06.10-08.39.44:630][757]LogModuleManager: Shutting down and abandoning module Paper2DEditor (236)
[2017.06.10-08.39.44:630][757]LogModuleManager: Shutting down and abandoning module MeshPaint (235)
[2017.06.10-08.39.44:630][757]LogModuleManager: Shutting down and abandoning module LevelEditor (233)
[2017.06.10-08.39.44:631][757]LogModuleManager: Shutting down and abandoning module PixelInspectorModule (232)
[2017.06.10-08.39.44:632][757]LogModuleManager: Shutting down and abandoning module MainFrame (230)
[2017.06.10-08.39.44:632][757]LogModuleManager: Shutting down and abandoning module HotReload (229)
[2017.06.10-08.39.44:633][757]LogModuleManager: Shutting down and abandoning module ContentBrowser (225)
[2017.06.10-08.39.44:634][757]LogModuleManager: Shutting down and abandoning module PhysXVehiclesEditor (222)
[2017.06.10-08.39.44:634][757]LogModuleManager: Shutting down and abandoning module PhysXVehicles (220)
[2017.06.10-08.39.44:634][757]LogModuleManager: Shutting down and abandoning module LocationServicesBPLibrary (218)
[2017.06.10-08.39.44:634][757]LogModuleManager: Shutting down and abandoning module UdpMessaging (216)
[2017.06.10-08.39.44:735][757]LogModuleManager: Shutting down and abandoning module TcpMessaging (214)
[2017.06.10-08.39.44:835][757]LogModuleManager: Shutting down and abandoning module GameplayTagsEditor (212)
[2017.06.10-08.39.44:835][757]LogModuleManager: Shutting down and abandoning module FacialAnimationEditor (210)
[2017.06.10-08.39.44:835][757]LogModuleManager: Shutting down and abandoning module FacialAnimation (208)
[2017.06.10-08.39.44:835][757]LogModuleManager: Shutting down and abandoning module LightPropagationVolumeRuntime (206)
[2017.06.10-08.39.44:835][757]LogModuleManager: Shutting down and abandoning module Paper2D (204)
[2017.06.10-08.39.44:835][757]LogModuleManager: Shutting down and abandoning module WindowsMoviePlayer (202)
[2017.06.10-08.39.44:835][757]LogModuleManager: Shutting down and abandoning module WmfMedia (200)
[2017.06.10-08.39.44:835][757]LogModuleManager: Shutting down and abandoning module MfMedia (198)
[2017.06.10-08.39.44:836][757]LogModuleManager: Shutting down and abandoning module MediaAssets (196)
[2017.06.10-08.39.44:836][757]LogModuleManager: Shutting down and abandoning module GameLiveStreaming (194)
[2017.06.10-08.39.44:836][757]LogModuleManager: Shutting down and abandoning module VREditor (192)
[2017.06.10-08.39.44:836][757]LogModuleManager: Shutting down and abandoning module GameplayTasksEditor (190)
[2017.06.10-08.39.44:836][757]LogModuleManager: Shutting down and abandoning module BehaviorTreeEditor (188)
[2017.06.10-08.39.44:836][757]LogModuleManager: Shutting down and abandoning module FunctionalTesting (186)
[2017.06.10-08.39.44:836][757]LogModuleManager: Shutting down and abandoning module CollisionAnalyzer (184)
[2017.06.10-08.39.44:836][757]LogModuleManager: Shutting down and abandoning module UMG (182)
[2017.06.10-08.39.44:836][757]LogModuleManager: Shutting down and abandoning module UMGEditor (181)
[2017.06.10-08.39.44:836][757]LogModuleManager: Shutting down and abandoning module Sequencer (180)
[2017.06.10-08.39.44:836][757]LogModuleManager: Shutting down and abandoning module AssetTools (178)
[2017.06.10-08.39.44:836][757]LogModuleManager: Shutting down and abandoning module MessageLog (177)
[2017.06.10-08.39.44:836][757]LogModuleManager: Shutting down and abandoning module WorkspaceMenuStructure (176)
[2017.06.10-08.39.44:836][757]LogModuleManager: Shutting down and abandoning module SlateReflector (170)
[2017.06.10-08.39.44:836][757]LogModuleManager: Shutting down and abandoning module Slate (168)
[2017.06.10-08.39.44:836][757]LogModuleManager: Shutting down and abandoning module EditorStyle (166)
[2017.06.10-08.39.44:842][757]LogModuleManager: Shutting down and abandoning module SourceCodeAccess (164)
[2017.06.10-08.39.44:842][757]LogModuleManager: Shutting down and abandoning module HeadMountedDisplay (162)
[2017.06.10-08.39.44:842][757]LogModuleManager: Shutting down and abandoning module XAudio2 (160)
[2017.06.10-08.39.44:842][757]LogModuleManager: Shutting down and abandoning module Networking (158)
[2017.06.10-08.39.44:842][757]LogModuleManager: Shutting down and abandoning module Core (154)
[2017.06.10-08.39.44:842][757]LogModuleManager: Shutting down and abandoning module AssetRegistry (152)
[2017.06.10-08.39.45:062][757]LogDirectoryWatcher: A directory notification for '../../../Engine/Content/' was aborted.
[2017.06.10-08.39.45:062][757]LogDirectoryWatcher: A directory notification for 'D:/UE4 Projects/GIT/ProjectArkham/ProjectArkham/Content/' was aborted.
[2017.06.10-08.39.45:062][757]LogDirectoryWatcher: A directory notification for '../../../Engine/Plugins/2D/Paper2D/Content/' was aborted.
[2017.06.10-08.39.45:062][757]LogModuleManager: Shutting down and abandoning module DirectoryWatcher (151)
[2017.06.10-08.39.45:063][757]LogModuleManager: Shutting down and abandoning module KismetCompiler (148)
[2017.06.10-08.39.45:063][757]LogModuleManager: Shutting down and abandoning module PhysXFormats (146)
[2017.06.10-08.39.45:063][757]LogModuleManager: Shutting down and abandoning module MeshUtilities (144)
[2017.06.10-08.39.45:063][757]LogModuleManager: Shutting down and abandoning module SimplygonSwarm (143)
[2017.06.10-08.39.45:063][757]LogModuleManager: Shutting down and abandoning module SimplygonMeshReduction (141)
[2017.06.10-08.39.45:063][757]LogModuleManager: Shutting down and abandoning module QuadricMeshReduction (139)
[2017.06.10-08.39.45:063][757]LogModuleManager: Shutting down and abandoning module PropertyEditor (137)
[2017.06.10-08.39.45:063][757]LogModuleManager: Shutting down and abandoning module DerivedDataCache (134)
[2017.06.10-08.39.45:144][757]LogDerivedDataCache: Shutdown
[2017.06.10-08.39.45:144][757]LogModuleManager: Shutting down and abandoning module TargetPlatform (132)
[2017.06.10-08.39.45:144][757]LogModuleManager: Shutting down and abandoning module VulkanShaderFormat (131)
[2017.06.10-08.39.45:144][757]LogModuleManager: Shutting down and abandoning module ShaderFormatOpenGL (129)
[2017.06.10-08.39.45:144][757]LogModuleManager: Shutting down and abandoning module ShaderFormatD3D (127)
[2017.06.10-08.39.45:144][757]LogModuleManager: Shutting down and abandoning module MetalShaderFormat (125)
[2017.06.10-08.39.45:144][757]LogModuleManager: Shutting down and abandoning module TextureFormatUncompressed (123)
[2017.06.10-08.39.45:144][757]LogModuleManager: Shutting down and abandoning module TextureFormatPVR (121)
[2017.06.10-08.39.45:144][757]LogModuleManager: Shutting down and abandoning module TextureFormatDXT (119)
[2017.06.10-08.39.45:144][757]LogModuleManager: Shutting down and abandoning module TextureFormatIntelISPCTexComp (117)
[2017.06.10-08.39.45:144][757]LogModuleManager: Shutting down and abandoning module TextureFormatASTC (115)
[2017.06.10-08.39.45:144][757]LogModuleManager: Shutting down and abandoning module ImageWrapper (114)
[2017.06.10-08.39.45:144][757]LogModuleManager: Shutting down and abandoning module TextureFormatAndroid (111)
[2017.06.10-08.39.45:144][757]LogModuleManager: Shutting down and abandoning module AudioFormatOpus (109)
[2017.06.10-08.39.45:144][757]LogModuleManager: Shutting down and abandoning module AudioFormatOgg (107)
[2017.06.10-08.39.45:144][757]LogModuleManager: Shutting down and abandoning module AudioFormatADPCM (105)
[2017.06.10-08.39.45:144][757]LogModuleManager: Shutting down and abandoning module LinuxTargetPlatform (103)
[2017.06.10-08.39.45:144][757]LogModuleManager: Shutting down and abandoning module LinuxServerTargetPlatform (101)
[2017.06.10-08.39.45:144][757]LogModuleManager: Shutting down and abandoning module LinuxNoEditorTargetPlatform (99)
[2017.06.10-08.39.45:144][757]LogModuleManager: Shutting down and abandoning module LinuxClientTargetPlatform (97)
[2017.06.10-08.39.45:144][757]LogModuleManager: Shutting down and abandoning module TVOSTargetPlatform (95)
[2017.06.10-08.39.45:144][757]LogModuleManager: Shutting down and abandoning module Messaging (93)
[2017.06.10-08.39.45:144][757]LogModuleManager: Shutting down and abandoning module IOSTargetPlatform (91)
[2017.06.10-08.39.45:144][757]LogModuleManager: Shutting down and abandoning module HTML5TargetPlatform (89)
[2017.06.10-08.39.45:144][757]LogModuleManager: Shutting down and abandoning module Android_PVRTCTargetPlatform (87)
[2017.06.10-08.39.45:144][757]LogModuleManager: Shutting down and abandoning module Android_MultiTargetPlatform (85)
[2017.06.10-08.39.45:144][757]LogModuleManager: Shutting down and abandoning module Android_ETC2TargetPlatform (83)
[2017.06.10-08.39.45:144][757]LogModuleManager: Shutting down and abandoning module Android_ETC1TargetPlatform (81)
[2017.06.10-08.39.45:144][757]LogModuleManager: Shutting down and abandoning module Android_DXTTargetPlatform (79)
[2017.06.10-08.39.45:144][757]LogModuleManager: Shutting down and abandoning module Android_ATCTargetPlatform (77)
[2017.06.10-08.39.45:144][757]LogModuleManager: Shutting down and abandoning module Android_ASTCTargetPlatform (75)
[2017.06.10-08.39.45:144][757]LogModuleManager: Shutting down and abandoning module AndroidTargetPlatform (73)
[2017.06.10-08.39.45:144][757]LogModuleManager: Shutting down and abandoning module WindowsTargetPlatform (71)
[2017.06.10-08.39.45:144][757]LogModuleManager: Shutting down and abandoning module WindowsServerTargetPlatform (69)
[2017.06.10-08.39.45:144][757]LogModuleManager: Shutting down and abandoning module WindowsNoEditorTargetPlatform (67)
[2017.06.10-08.39.45:144][757]LogModuleManager: Shutting down and abandoning module WindowsClientTargetPlatform (65)
[2017.06.10-08.39.45:144][757]LogModuleManager: Shutting down and abandoning module MacTargetPlatform (63)
[2017.06.10-08.39.45:144][757]LogModuleManager: Shutting down and abandoning module MacServerTargetPlatform (61)
[2017.06.10-08.39.45:145][757]LogModuleManager: Shutting down and abandoning module MacNoEditorTargetPlatform (59)
[2017.06.10-08.39.45:145][757]LogModuleManager: Shutting down and abandoning module MacClientTargetPlatform (57)
[2017.06.10-08.39.45:145][757]LogModuleManager: Shutting down and abandoning module AllDesktopTargetPlatform (55)
[2017.06.10-08.39.45:145][757]LogModuleManager: Shutting down and abandoning module InputCore (52)
[2017.06.10-08.39.45:145][757]LogModuleManager: Shutting down and abandoning module Settings (50)
[2017.06.10-08.39.45:145][757]LogModuleManager: Shutting down and abandoning module OculusRift (48)
[2017.06.10-08.39.45:145][757]LogModuleManager: Shutting down and abandoning module GearVR (46)
[2017.06.10-08.39.45:145][757]LogModuleManager: Shutting down and abandoning module ExampleDeviceProfileSelector (44)
[2017.06.10-08.39.45:145][757]LogModuleManager: Shutting down and abandoning module OnlineBlueprintSupport (42)
[2017.06.10-08.39.45:145][757]LogModuleManager: Shutting down and abandoning module OnlineSubsystem (38)
[2017.06.10-08.39.45:145][757]LogOnline:Display: Unloading online subsystem: NULL
[2017.06.10-08.39.45:145][757]LogModuleManager: Shutting down and abandoning module XMPP (37)
[2017.06.10-08.39.45:145][757]LogModuleManager: Shutting down and abandoning module HTTP (35)
[2017.06.10-08.39.45:145][757]LogHttp:Display: Http module shutting down, but needs to wait on 1 outstanding Http requests:
[2017.06.10-08.39.45:145][757]LogHttp:Display: 	verb=[POST] url=[https://datarouter.ol.epicgames.com/datarouter/api/v1/public/data?SessionID=%7BBA955554-4C39-3D93-A6E8-3D8E7F8FCFF0%7D&AppID=UEEditor.Rocket.Release&AppVersion=4.15.3-3450819%2B%2B%2BUE4%2BRelease-4.15&UserID=f9af6bb24d687fcb01ad17acf141df10%7C20a5f3a593b14a1090f0ecdcc38edc99%7Ce42d2723-c809-441e-bf6d-5451889f6164&AppEnvironment=datacollector-binary&UploadType=eteventstream] status=Processing
[2017.06.10-08.39.45:168][757]LogModuleManager: Shutting down and abandoning module SSL (34)
[2017.06.10-08.39.45:170][757]LogModuleManager: Shutting down and abandoning module AudioEditor (30)
[2017.06.10-08.39.45:170][757]LogModuleManager: Shutting down and abandoning module TextureCompressor (28)
[2017.06.10-08.39.45:170][757]LogModuleManager: Shutting down and abandoning module ShaderCore (26)
[2017.06.10-08.39.45:170][757]LogModuleManager: Shutting down and abandoning module Landscape (24)
[2017.06.10-08.39.45:171][757]LogModuleManager: Shutting down and abandoning module SlateRHIRenderer (22)
[2017.06.10-08.39.45:173][757]LogModuleManager: Shutting down and abandoning module OpenGLDrv (20)
[2017.06.10-08.39.45:173][757]LogModuleManager: Shutting down and abandoning module D3D11RHI (18)
[2017.06.10-08.39.45:173][757]LogModuleManager: Shutting down and abandoning module AnimGraphRuntime (16)
[2017.06.10-08.39.45:173][757]LogModuleManager: Shutting down and abandoning module Renderer (14)
[2017.06.10-08.39.45:173][757]LogModuleManager: Shutting down and abandoning module Engine (12)
[2017.06.10-08.39.45:173][757]LogModuleManager: Shutting down and abandoning module CoreUObject (10)
[2017.06.10-08.39.45:173][757]LogModuleManager: Shutting down and abandoning module NetworkFile (8)
[2017.06.10-08.39.45:173][757]LogModuleManager: Shutting down and abandoning module StreamingFile (6)
[2017.06.10-08.39.45:173][757]LogModuleManager: Shutting down and abandoning module SandboxFile (4)
[2017.06.10-08.39.45:173][757]LogModuleManager: Shutting down and abandoning module PakFile (2)
[2017.06.10-08.39.45:175][757]LogExit: Exiting.
[2017.06.10-08.39.45:189][757]Log file closed, 06/10/17 10:39:45
